\BOOKMARK [1][-]{section.1}{Summary}{}% 1
\BOOKMARK [1][-]{section.2}{Home Screen}{}% 2
\BOOKMARK [1][-]{section.3}{ User}{}% 3
\BOOKMARK [2][-]{subsection.3.1}{Create New User}{section.3}% 4
\BOOKMARK [2][-]{subsection.3.2}{Logging in Exisiting user}{section.3}% 5
\BOOKMARK [2][-]{subsection.3.3}{Logging out user}{section.3}% 6
\BOOKMARK [2][-]{subsection.3.4}{Unregestered User unable to log in}{section.3}% 7
\BOOKMARK [2][-]{subsection.3.5}{Review from user}{section.3}% 8
\BOOKMARK [1][-]{section.4}{Database}{}% 9
\BOOKMARK [2][-]{subsection.4.1}{Item within the database}{section.4}% 10
\BOOKMARK [2][-]{subsection.4.2}{Item not within the database}{section.4}% 11
\BOOKMARK [2][-]{subsection.4.3}{Attempted SQL Injection}{section.4}% 12
\BOOKMARK [1][-]{section.5}{Pages}{}% 13
\BOOKMARK [2][-]{subsection.5.1}{Individual Item page}{section.5}% 14
\BOOKMARK [1][-]{section.6}{Multiple resolutions}{}% 15
\BOOKMARK [1][-]{Appendix.a.A}{Brute Force Psudocode}{}% 16
\BOOKMARK [1][-]{Appendix.a.B}{Median Psudocode}{}% 17
\BOOKMARK [1][-]{Appendix.a.C}{Select Psudocode}{}% 18
\BOOKMARK [1][-]{Appendix.a.D}{Partition Psudocode}{}% 19
\BOOKMARK [1][-]{Appendix.a.E}{Brute Force Implementation - Basic Operations}{}% 20
\BOOKMARK [1][-]{Appendix.a.F}{Brute Force Implementation - Timed}{}% 21
\BOOKMARK [1][-]{Appendix.a.G}{Partition Implemenation - Basic Operations}{}% 22
\BOOKMARK [1][-]{Appendix.a.H}{Select Implementation - Basic Operations}{}% 23
\BOOKMARK [1][-]{Appendix.a.I}{Median Implementation - Basic Operations}{}% 24
\BOOKMARK [1][-]{Appendix.a.J}{Brute Force Average Efficiency - Basic Operation}{}% 25
